<?xml version="1.0" encoding="utf-8"?><testsuites name="pytest tests"><testsuite name="pytest" errors="0" failures="0" skipped="0" tests="21" time="4.067" timestamp="2026-07-16T05:01:48.681042+00:00" hostname="agent-env-b6f79acc-a7c0-4ab7-ab05-ee6bd258027a"><testcase classname="tests.test_kantongku.TestAuth" name="test_reviewer_login_premium" time="0.741" /><testcase classname="tests.test_kantongku.TestFreeUser" name="test_new_user_has_default_wallet" time="1.074" /><testcase classname="tests.test_kantongku.TestAuth" name="test_login_bad_password" time="0.322" /><testcase classname="tests.test_kantongku.TestAuth" name="test_me_requires_auth" time="0.094" /><testcase classname="tests.test_kantongku.TestFreeUser" name="test_can_create_2nd_wallet" time="0.146" /><testcase classname="tests.test_kantongku.TestAuth" name="test_wallets_requires_auth" time="0.100" /><testcase classname="tests.test_kantongku.TestFreeUser" name="test_3rd_wallet_blocked_403" time="0.094" /><testcase classname="tests.test_kantongku.TestAuth" name="test_summary_requires_auth" time="0.096" /><testcase classname="tests.test_kantongku.TestFreeUser" name="test_simulate_payment_upgrades_to_premium" time="0.157" /><testcase classname="tests.test_kantongku.TestAuth" name="test_me_returns_user" time="0.102" /><testcase classname="tests.test_kantongku.TestReviewerSeed" name="test_summary" time="0.136" /><testcase classname="tests.test_kantongku.TestFreeUser" name="test_after_upgrade_can_create_more_wallets" time="0.096" /><testcase classname="tests.test_kantongku.TestFreeUser" name="test_wallets_limit_null_after_premium" time="0.103" /><testcase classname="tests.test_kantongku.TestReviewerSeed" name="test_wallets_5" time="0.093" /><testcase classname="tests.test_kantongku.TestReviewerSeed" name="test_transactions_15" time="0.308" /><testcase classname="tests.test_kantongku.TestTransactionBalance" name="test_income_updates_wallet_balance" time="0.887" /><testcase classname="tests.test_kantongku.TestReviewerSeed" name="test_debts_seed" time="0.100" /><testcase classname="tests.test_kantongku.TestReviewerSeed" name="test_budgets_5" time="0.100" /><testcase classname="tests.test_kantongku.TestTransactionBalance" name="test_expense_decreases_balance" time="0.429" /><testcase classname="tests.test_kantongku.TestCRUD" name="test_debt_create_update_delete" time="0.359" /><testcase classname="tests.test_kantongku.TestCRUD" name="test_budget_create_delete" time="0.200" /></testsuite></testsuites>